# JRE version: OpenJDK Runtime Environment Temurin-21.0.5+11 (21.0.5+11) (build 21.0.5+11-LTS)
# Java VM: OpenJDK 64-Bit Server VM Temurin-21.0.5+11 (21.0.5+11-LTS, mixed mode, emulated-client, sharing, tiered, compressed oops, compressed class ptrs, g1 gc, windows-amd64)
GC Precious Log:
 CardTable entry size: 512
 Card Set container configuration: InlinePtr #cards 4 size 8 Array Of Cards #cards 16 size 48 Howl #buckets 8 coarsen threshold 3686 Howl Bitmap #cards 512 size 80 coarsen threshold 460 Card regions per heap region 1 cards per card region 4096
 CPUs: 6 total, 6 available
 Memory: 16330M
 Large Page Support: Disabled
 NUMA Support: Disabled
 Compressed Oops: Enabled (Zero based)
 Heap Region Size: 2M
 Heap Min Capacity: 8M
 Heap Initial Capacity: 256M
 Heap Max Capacity: 4084M
 Pre-touch: Disabled
 Parallel Workers: 6
 Concurrent Workers: 2
 Concurrent Refinement Workers: 6
 Periodic GC: Disabled
Heap:
 garbage-first heap   total 102400K, used 87726K [0x0000000700c00000, 0x0000000800000000)
  region size 2048K, 34 young (69632K), 4 survivors (8192K)
 Metaspace       used 73265K, committed 74048K, reserved 1114112K
  class space    used 10429K, committed 10816K, reserved 1048576K
GC Heap History (20 events):
Event: 3.718 GC heap after
{Heap after GC invocations=16 (full 0):
 garbage-first heap   total 75776K, used 26696K [0x0000000700c00000, 0x0000000800000000)
  region size 2048K, 2 young (4096K), 2 survivors (4096K)
 Metaspace       used 55195K, committed 55808K, reserved 1114112K
  class space    used 7604K, committed 7872K, reserved 1048576K
}
Event: 3.937 GC heap before
{Heap before GC invocations=16 (full 0):
 garbage-first heap   total 75776K, used 63560K [0x0000000700c00000, 0x0000000800000000)
  region size 2048K, 20 young (40960K), 2 survivors (4096K)
 Metaspace       used 58664K, committed 59392K, reserved 1114112K
  class space    used 8133K, committed 8448K, reserved 1048576K
}
Event: 3.939 GC heap after
{Heap after GC invocations=17 (full 0):
 garbage-first heap   total 92160K, used 26877K [0x0000000700c00000, 0x0000000800000000)
  region size 2048K, 2 young (4096K), 2 survivors (4096K)
 Metaspace       used 58664K, committed 59392K, reserved 1114112K
  class space    used 8133K, committed 8448K, reserved 1048576K
}
Event: 4.028 GC heap before
{Heap before GC invocations=17 (full 0):
 garbage-first heap   total 92160K, used 41213K [0x0000000700c00000, 0x0000000800000000)
  region size 2048K, 10 young (20480K), 2 survivors (4096K)
 Metaspace       used 60166K, committed 60800K, reserved 1114112K
  class space    used 8368K, committed 8640K, reserved 1048576K
}
Event: 4.032 GC heap after
{Heap after GC invocations=18 (full 0):
 garbage-first heap   total 92160K, used 27155K [0x0000000700c00000, 0x0000000800000000)
  region size 2048K, 2 young (4096K), 2 survivors (4096K)
 Metaspace       used 60166K, committed 60800K, reserved 1114112K
  class space    used 8368K, committed 8640K, reserved 1048576K
}
Event: 4.360 GC heap before
{Heap before GC invocations=19 (full 0):
 garbage-first heap   total 92160K, used 76307K [0x0000000700c00000, 0x0000000800000000)
  region size 2048K, 27 young (55296K), 2 survivors (4096K)
 Metaspace       used 64344K, committed 65088K, reserved 1114112K
  class space    used 9003K, committed 9344K, reserved 1048576K
}
Event: 4.364 GC heap after
{Heap after GC invocations=20 (full 0):
 garbage-first heap   total 92160K, used 29562K [0x0000000700c00000, 0x0000000800000000)
  region size 2048K, 3 young (6144K), 3 survivors (6144K)
 Metaspace       used 64344K, committed 65088K, reserved 1114112K
  class space    used 9003K, committed 9344K, reserved 1048576K
}
Event: 4.549 GC heap before
{Heap before GC invocations=20 (full 0):
 garbage-first heap   total 92160K, used 78714K [0x0000000700c00000, 0x0000000800000000)
  region size 2048K, 27 young (55296K), 3 survivors (6144K)
 Metaspace       used 65513K, committed 66240K, reserved 1114112K
  class space    used 9262K, committed 9600K, reserved 1048576K
}
Event: 4.555 GC heap after
{Heap after GC invocations=21 (full 0):
 garbage-first heap   total 92160K, used 31452K [0x0000000700c00000, 0x0000000800000000)
  region size 2048K, 4 young (8192K), 4 survivors (8192K)
 Metaspace       used 65513K, committed 66240K, reserved 1114112K
  class space    used 9262K, committed 9600K, reserved 1048576K
}
Event: 4.727 GC heap before
{Heap before GC invocations=21 (full 0):
 garbage-first heap   total 92160K, used 72412K [0x0000000700c00000, 0x0000000800000000)
  region size 2048K, 25 young (51200K), 4 survivors (8192K)
 Metaspace       used 67305K, committed 68032K, reserved 1114112K
  class space    used 9635K, committed 9984K, reserved 1048576K
}
Event: 4.733 GC heap after
{Heap after GC invocations=22 (full 0):
 garbage-first heap   total 92160K, used 35478K [0x0000000700c00000, 0x0000000800000000)
  region size 2048K, 4 young (8192K), 4 survivors (8192K)
 Metaspace       used 67305K, committed 68032K, reserved 1114112K
  class space    used 9635K, committed 9984K, reserved 1048576K
}
Event: 4.796 GC heap before
{Heap before GC invocations=22 (full 0):
 garbage-first heap   total 92160K, used 74390K [0x0000000700c00000, 0x0000000800000000)
  region size 2048K, 23 young (47104K), 4 survivors (8192K)
 Metaspace       used 67314K, committed 68032K, reserved 1114112K
  class space    used 9635K, committed 9984K, reserved 1048576K
}
Event: 4.798 GC heap after
{Heap after GC invocations=23 (full 0):
 garbage-first heap   total 110592K, used 33025K [0x0000000700c00000, 0x0000000800000000)
  region size 2048K, 1 young (2048K), 1 survivors (2048K)
 Metaspace       used 67314K, committed 68032K, reserved 1114112K
  class space    used 9635K, committed 9984K, reserved 1048576K
}
Event: 5.006 GC heap before
{Heap before GC invocations=23 (full 0):
 garbage-first heap   total 110592K, used 94465K [0x0000000700c00000, 0x0000000800000000)
  region size 2048K, 32 young (65536K), 1 survivors (2048K)
 Metaspace       used 69642K, committed 70400K, reserved 1114112K
  class space    used 9936K, committed 10304K, reserved 1048576K
}
Event: 5.008 GC heap after
{Heap after GC invocations=24 (full 0):
 garbage-first heap   total 110592K, used 32986K [0x0000000700c00000, 0x0000000800000000)
  region size 2048K, 1 young (2048K), 1 survivors (2048K)
 Metaspace       used 69642K, committed 70400K, reserved 1114112K
  class space    used 9936K, committed 10304K, reserved 1048576K
}
Event: 118.324 GC heap before
{Heap before GC invocations=24 (full 0):
 garbage-first heap   total 110592K, used 96474K [0x0000000700c00000, 0x0000000800000000)
  region size 2048K, 32 young (65536K), 1 survivors (2048K)
 Metaspace       used 73051K, committed 73792K, reserved 1114112K
  class space    used 10429K, committed 10752K, reserved 1048576K
}
Event: 118.333 GC heap after
{Heap after GC invocations=25 (full 0):
 garbage-first heap   total 110592K, used 35816K [0x0000000700c00000, 0x0000000800000000)
  region size 2048K, 3 young (6144K), 3 survivors (6144K)
 Metaspace       used 73051K, committed 73792K, reserved 1114112K
  class space    used 10429K, committed 10752K, reserved 1048576K
}
Event: 148.709 GC heap before
{Heap before GC invocations=25 (full 0):
 garbage-first heap   total 110592K, used 41960K [0x0000000700c00000, 0x0000000800000000)
  region size 2048K, 7 young (14336K), 3 survivors (6144K)
 Metaspace       used 73205K, committed 73984K, reserved 1114112K
  class space    used 10460K, committed 10816K, reserved 1048576K
}
Event: 148.749 GC heap after
{Heap after GC invocations=26 (full 1):
 garbage-first heap   total 102400K, used 26286K [0x0000000700c00000, 0x0000000800000000)
  region size 2048K, 0 young (0K), 0 survivors (0K)
 Metaspace       used 72809K, committed 73984K, reserved 1114112K
  class space    used 10361K, committed 10816K, reserved 1048576K
}
Event: 301.023 GC heap before
{Heap before GC invocations=26 (full 1):
 garbage-first heap   total 102400K, used 85678K [0x0000000700c00000, 0x0000000800000000)
  region size 2048K, 30 young (61440K), 0 survivors (0K)
 Metaspace       used 73265K, committed 74048K, reserved 1114112K
  class space    used 10429K, committed 10816K, reserved 1048576K
}

